SF:C:\Data\Source\Git\marcorossignoli.github.io\coverlet\src\CoverletSampleLib\Class1.cs
FN:7,System.Void CoverletSampleLib.Class1::MethodToTest()
FNDA:1,System.Void CoverletSampleLib.Class1::MethodToTest()
DA:8,1
DA:10,1
LF:2
LH:2
BRF:0
BRH:0
FNF:1
FNH:1
end_of_record
SF:C:\Data\Source\Git\marcorossignoli.github.io\coverlet\src\CoverletSampleLib\MyFunnyClass.cs
FN:9,System.Void CoverletSampleLib.MyFunnyClass::Do()
FNDA:1,System.Void CoverletSampleLib.MyFunnyClass::Do()
DA:10,1
DA:12,1
LF:2
LH:2
BRF:0
BRH:0
FNF:1
FNH:1
end_of_record